<?xml version="1.0" encoding="utf-8"?>
<test-run id="0" testcasecount="19" result="Failed" total="19" passed="18" failed="1" inconclusive="0" skipped="0" asserts="5" portable-engine-version="3.3.0.0" start-time="2016-10-13 20:03:43Z" end-time="2016-10-13 20:47:56Z" duration="2653.575519">
  <test-suite type="Assembly" id="1031" name="tests, Version=1.0.0.0, Culture=neutral, PublicKeyToken=null" fullname="tests, Version=1.0.0.0, Culture=neutral, PublicKeyToken=null" runstate="Runnable" testcasecount="19" result="Failed" site="Child" start-time="2016-10-13 20:03:43Z" end-time="2016-10-13 20:47:56Z" duration="2653.428248" total="19" passed="18" failed="1" inconclusive="0" skipped="0" asserts="5">
    <settings>
      <setting name="WorkDirectory" value="C:\Projects\Lykke\LykkeEthereumCore\tests" />
    </settings>
    <properties>
      <property name="ParallelScope" value="None" />
    </properties>
    <failure>
      <message><![CDATA[One or more child tests had errors]]></message>
    </failure>
    <test-suite type="SetUpFixture" id="1003" name="Tests" fullname="Tests.Config" classname="Tests.Config" runstate="Runnable" testcasecount="19" result="Failed" site="Child" start-time="2016-10-13 20:03:43Z" end-time="2016-10-13 20:47:56Z" duration="2653.417024" total="19" passed="18" failed="1" inconclusive="0" skipped="0" asserts="5">
      <failure>
        <message><![CDATA[One or more child tests had errors]]></message>
      </failure>
      <test-suite type="TestFixture" id="1000" name="BigDecimalTests" fullname="Tests.BigDecimalTests" classname="Tests.BigDecimalTests" runstate="Runnable" testcasecount="2" result="Passed" start-time="2016-10-13 20:03:43Z" end-time="2016-10-13 20:03:43Z" duration="0.067245" total="2" passed="2" failed="0" inconclusive="0" skipped="0" asserts="2">
        <test-case id="1001" name="TestDivide" fullname="Tests.BigDecimalTests.TestDivide" methodname="TestDivide" classname="Tests.BigDecimalTests" runstate="Runnable" seed="1632906553" result="Passed" start-time="2016-10-13 20:03:43Z" end-time="2016-10-13 20:03:43Z" duration="0.016120" asserts="1" />
        <test-case id="1002" name="TestMultuple" fullname="Tests.BigDecimalTests.TestMultuple" methodname="TestMultuple" classname="Tests.BigDecimalTests" runstate="Runnable" seed="765120962" result="Passed" start-time="2016-10-13 20:03:43Z" end-time="2016-10-13 20:03:43Z" duration="0.004393" asserts="1" />
      </test-suite>
      <test-suite type="TestFixture" id="1004" name="ContractQueueServiceTests" fullname="Tests.ContractQueueServiceTests" classname="Tests.ContractQueueServiceTests" runstate="Runnable" testcasecount="2" result="Passed" start-time="2016-10-13 20:03:43Z" end-time="2016-10-13 20:03:45Z" duration="1.388223" total="2" passed="2" failed="0" inconclusive="0" skipped="0" asserts="0">
        <test-case id="1005" name="TestPushAndGetContract" fullname="Tests.ContractQueueServiceTests.TestPushAndGetContract" methodname="TestPushAndGetContract" classname="Tests.ContractQueueServiceTests" runstate="Runnable" seed="437993725" result="Passed" start-time="2016-10-13 20:03:43Z" end-time="2016-10-13 20:03:44Z" duration="0.785243" asserts="0" />
        <test-case id="1006" name="TestSaveUserContract" fullname="Tests.ContractQueueServiceTests.TestSaveUserContract" methodname="TestSaveUserContract" classname="Tests.ContractQueueServiceTests" runstate="Runnable" seed="1601706214" result="Passed" start-time="2016-10-13 20:03:44Z" end-time="2016-10-13 20:03:45Z" duration="0.600227" asserts="0" />
      </test-suite>
      <test-suite type="TestFixture" id="1007" name="EthereumQueueOutTests" fullname="Tests.EthereumQueueOutTests" classname="Tests.EthereumQueueOutTests" runstate="Runnable" testcasecount="1" result="Passed" start-time="2016-10-13 20:03:45Z" end-time="2016-10-13 20:03:45Z" duration="0.278571" total="1" passed="1" failed="0" inconclusive="0" skipped="0" asserts="0">
        <test-case id="1008" name="TestFirePaymentEvent" fullname="Tests.EthereumQueueOutTests.TestFirePaymentEvent" methodname="TestFirePaymentEvent" classname="Tests.EthereumQueueOutTests" runstate="Runnable" seed="33035837" result="Passed" start-time="2016-10-13 20:03:45Z" end-time="2016-10-13 20:03:45Z" duration="0.276688" asserts="0" />
      </test-suite>
      <test-suite type="TestFixture" id="1009" name="JaascriptTestData" fullname="Tests.JaascriptTestData" classname="Tests.JaascriptTestData" runstate="Runnable" testcasecount="1" result="Passed" start-time="2016-10-13 20:03:45Z" end-time="2016-10-13 20:03:45Z" duration="0.149211" total="1" passed="1" failed="0" inconclusive="0" skipped="0" asserts="0">
        <test-case id="1010" name="Data" fullname="Tests.JaascriptTestData.Data" methodname="Data" classname="Tests.JaascriptTestData" runstate="Runnable" seed="1349396571" result="Passed" start-time="2016-10-13 20:03:45Z" end-time="2016-10-13 20:03:45Z" duration="0.146050" asserts="0" />
      </test-suite>
      <test-suite type="TestSuite" id="1033" name="JobTests" fullname="Tests.JobTests" runstate="Runnable" testcasecount="4" result="Passed" start-time="2016-10-13 20:03:45Z" end-time="2016-10-13 20:03:51Z" duration="6.000460" total="4" passed="4" failed="0" inconclusive="0" skipped="0" asserts="0">
        <test-suite type="TestFixture" id="1023" name="CheckPaymentsToUserContractsJobTests" fullname="Tests.JobTests.CheckPaymentsToUserContractsJobTests" classname="Tests.JobTests.CheckPaymentsToUserContractsJobTests" runstate="Runnable" testcasecount="1" result="Passed" start-time="2016-10-13 20:03:45Z" end-time="2016-10-13 20:03:48Z" duration="2.587783" total="1" passed="1" failed="0" inconclusive="0" skipped="0" asserts="0">
          <test-case id="1024" name="TestCheckPaymentsToUserContractsJobExecute" fullname="Tests.JobTests.CheckPaymentsToUserContractsJobTests.TestCheckPaymentsToUserContractsJobExecute" methodname="TestCheckPaymentsToUserContractsJobExecute" classname="Tests.JobTests.CheckPaymentsToUserContractsJobTests" runstate="Runnable" seed="1381031156" result="Passed" start-time="2016-10-13 20:03:45Z" end-time="2016-10-13 20:03:48Z" duration="2.585212" asserts="0" />
        </test-suite>
        <test-suite type="TestFixture" id="1027" name="MonitoringJobTests" fullname="Tests.JobTests.MonitoringJobTests" classname="Tests.JobTests.MonitoringJobTests" runstate="Runnable" testcasecount="1" result="Passed" start-time="2016-10-13 20:03:48Z" end-time="2016-10-13 20:03:48Z" duration="0.282657" total="1" passed="1" failed="0" inconclusive="0" skipped="0" asserts="0">
          <test-case id="1028" name="TestMonitoringJobExecute" fullname="Tests.JobTests.MonitoringJobTests.TestMonitoringJobExecute" methodname="TestMonitoringJobExecute" classname="Tests.JobTests.MonitoringJobTests" runstate="Runnable" seed="1836515631" result="Passed" start-time="2016-10-13 20:03:48Z" end-time="2016-10-13 20:03:48Z" duration="0.279460" asserts="0" />
        </test-suite>
        <test-suite type="TestFixture" id="1025" name="TestMonitoringContractBalanceJob" fullname="Tests.JobTests.TestMonitoringContractBalanceJob" classname="Tests.JobTests.TestMonitoringContractBalanceJob" runstate="Runnable" testcasecount="1" result="Passed" start-time="2016-10-13 20:03:48Z" end-time="2016-10-13 20:03:49Z" duration="0.706442" total="1" passed="1" failed="0" inconclusive="0" skipped="0" asserts="0">
          <test-case id="1026" name="TestMonitoringContractBalanceJobExecute" fullname="Tests.JobTests.TestMonitoringContractBalanceJob.TestMonitoringContractBalanceJobExecute" methodname="TestMonitoringContractBalanceJobExecute" classname="Tests.JobTests.TestMonitoringContractBalanceJob" runstate="Runnable" seed="1985746971" result="Passed" start-time="2016-10-13 20:03:48Z" end-time="2016-10-13 20:03:49Z" duration="0.703395" asserts="0" />
        </test-suite>
        <test-suite type="TestFixture" id="1029" name="TransferTransactionQueueJobTests" fullname="Tests.JobTests.TransferTransactionQueueJobTests" classname="Tests.JobTests.TransferTransactionQueueJobTests" runstate="Runnable" testcasecount="1" result="Passed" start-time="2016-10-13 20:03:49Z" end-time="2016-10-13 20:03:51Z" duration="2.421209" total="1" passed="1" failed="0" inconclusive="0" skipped="0" asserts="0">
          <test-case id="1030" name="TestTransferTransactionExecute" fullname="Tests.JobTests.TransferTransactionQueueJobTests.TestTransferTransactionExecute" methodname="TestTransferTransactionExecute" classname="Tests.JobTests.TransferTransactionQueueJobTests" runstate="Runnable" seed="448503776" result="Passed" start-time="2016-10-13 20:03:49Z" end-time="2016-10-13 20:03:51Z" duration="2.418576" asserts="0" />
        </test-suite>
      </test-suite>
      <test-suite type="TestFixture" id="1011" name="PaymentServiceTests" fullname="Tests.PaymentServiceTests" classname="Tests.PaymentServiceTests" runstate="Runnable" testcasecount="2" result="Passed" start-time="2016-10-13 20:03:51Z" end-time="2016-10-13 20:05:15Z" duration="83.963038" total="2" passed="2" failed="0" inconclusive="0" skipped="0" asserts="2">
        <test-case id="1012" name="TestGetMainBalance" fullname="Tests.PaymentServiceTests.TestGetMainBalance" methodname="TestGetMainBalance" classname="Tests.PaymentServiceTests" runstate="Runnable" seed="1366928968" result="Passed" start-time="2016-10-13 20:03:51Z" end-time="2016-10-13 20:03:52Z" duration="1.216715" asserts="0" />
        <test-case id="1013" name="TestTransferFromUserContract" fullname="Tests.PaymentServiceTests.TestTransferFromUserContract" methodname="TestTransferFromUserContract" classname="Tests.PaymentServiceTests" runstate="Runnable" seed="989548980" result="Passed" start-time="2016-10-13 20:03:52Z" end-time="2016-10-13 20:05:15Z" duration="82.740467" asserts="2" />
      </test-suite>
      <test-suite type="TestFixture" id="1014" name="TestCoins" fullname="Tests.TestCoins" classname="Tests.TestCoins" runstate="Runnable" testcasecount="4" result="Passed" start-time="2016-10-13 20:05:15Z" end-time="2016-10-13 20:32:51Z" duration="1655.771792" total="4" passed="4" failed="0" inconclusive="0" skipped="0" asserts="0">
        <test-case id="1015" name="TestCashin" fullname="Tests.TestCoins.TestCashin" methodname="TestCashin" classname="Tests.TestCoins" runstate="Runnable" seed="1750968435" result="Passed" start-time="2016-10-13 20:05:15Z" end-time="2016-10-13 20:08:56Z" duration="221.321287" asserts="0" />
        <test-case id="1016" name="TestCashout" fullname="Tests.TestCoins.TestCashout" methodname="TestCashout" classname="Tests.TestCoins" runstate="Runnable" seed="1920305395" result="Passed" start-time="2016-10-13 20:08:56Z" end-time="2016-10-13 20:16:38Z" duration="461.774835" asserts="0" />
        <test-case id="1018" name="TestCoinEvents" fullname="Tests.TestCoins.TestCoinEvents" methodname="TestCoinEvents" classname="Tests.TestCoins" runstate="Runnable" seed="1549834111" result="Passed" start-time="2016-10-13 20:16:38Z" end-time="2016-10-13 20:19:01Z" duration="142.993668" asserts="0" />
        <test-case id="1017" name="TestCoinSwap" fullname="Tests.TestCoins.TestCoinSwap" methodname="TestCoinSwap" classname="Tests.TestCoins" runstate="Runnable" seed="218761768" result="Passed" start-time="2016-10-13 20:19:01Z" end-time="2016-10-13 20:32:51Z" duration="829.675575" asserts="0" />
      </test-suite>
      <test-suite type="TestFixture" id="1019" name="TestContracts" fullname="Tests.TestContracts" classname="Tests.TestContracts" runstate="Runnable" testcasecount="3" result="Failed" site="Child" start-time="2016-10-13 20:32:51Z" end-time="2016-10-13 20:47:56Z" duration="905.496622" total="3" passed="2" failed="1" inconclusive="0" skipped="0" asserts="0">
        <failure>
          <message><![CDATA[One or more child tests had errors]]></message>
        </failure>
        <test-case id="1022" name="TestRefillAccount" fullname="Tests.TestContracts.TestRefillAccount" methodname="TestRefillAccount" classname="Tests.TestContracts" runstate="Runnable" seed="450471468" result="Failed" label="Error" start-time="2016-10-13 20:32:51Z" end-time="2016-10-13 20:39:57Z" duration="425.921617" asserts="0">
          <failure>
            <message><![CDATA[System.NullReferenceException : Object reference not set to an instance of an object.]]></message>
            <stack-trace><![CDATA[   at Tests.TestContracts.<TestRefillAccount>d__2.MoveNext() in C:\Projects\Lykke\LykkeEthereumCore\tests\TestContracts.cs:line 114
--- End of stack trace from previous location where exception was thrown ---
   at NUnit.Framework.Internal.ExceptionHelper.Rethrow(Exception exception)
   at NUnit.Framework.Internal.AsyncInvocationRegion.AsyncTaskInvocationRegion.WaitForPendingOperationsToComplete(Object invocationResult)
   at NUnit.Framework.Internal.Commands.TestMethodCommand.RunAsyncTestMethod(TestExecutionContext context)]]></stack-trace>
          </failure>
        </test-case>
        <test-case id="1020" name="TestUserContractBigAmount" fullname="Tests.TestContracts.TestUserContractBigAmount" methodname="TestUserContractBigAmount" classname="Tests.TestContracts" runstate="Runnable" seed="889803793" result="Passed" start-time="2016-10-13 20:39:57Z" end-time="2016-10-13 20:45:30Z" duration="332.891869" asserts="0" />
        <test-case id="1021" name="TestUserContractWrongSender" fullname="Tests.TestContracts.TestUserContractWrongSender" methodname="TestUserContractWrongSender" classname="Tests.TestContracts" runstate="Runnable" seed="231177428" result="Passed" start-time="2016-10-13 20:45:30Z" end-time="2016-10-13 20:47:56Z" duration="146.677104" asserts="0" />
      </test-suite>
    </test-suite>
  </test-suite>
</test-run>